1582994196608	mozrunner::runner	INFO	Running command: "/Applications/Firefox.app/Contents/MacOS/firefox-bin" "-marionette" "-foreground" "-no-remote" "-profile" "/var/folders/3t/gbmg82fd7kj2vg2kvptt96d00000gp/T/rust_mozprofileMdktpZ"
1582994197301	addons.webextension.doh-rollout@mozilla.org	WARN	Loading extension 'doh-rollout@mozilla.org': Reading manifest: Invalid extension permission: networkStatus
1582994197533	addons.webextension.screenshots@mozilla.org	WARN	Loading extension 'screenshots@mozilla.org': Reading manifest: Invalid extension permission: mozillaAddons
1582994197534	addons.webextension.screenshots@mozilla.org	WARN	Loading extension 'screenshots@mozilla.org': Reading manifest: Invalid extension permission: telemetry
1582994197534	addons.webextension.screenshots@mozilla.org	WARN	Loading extension 'screenshots@mozilla.org': Reading manifest: Invalid extension permission: resource://pdf.js/
1582994197534	addons.webextension.screenshots@mozilla.org	WARN	Loading extension 'screenshots@mozilla.org': Reading manifest: Invalid extension permission: about:reader*
1582994199840	Marionette	INFO	Listening on port 58566
1582994199927	Marionette	WARN	TLS certificate errors will be ignored for this session
JavaScript warning: https://mars.nasa.gov/assets/public_manifest-076cf7f80cccb4056eac0fffddf9360fd7fa7cc779f9b9a2f48d0b629ea11fd1.js, line 2: Using //@ to indicate sourceMappingURL pragmas is deprecated. Use //# instead
JavaScript warning: https://mars.nasa.gov/assets/public_manifest-076cf7f80cccb4056eac0fffddf9360fd7fa7cc779f9b9a2f48d0b629ea11fd1.js, line 2: Using //@ to indicate sourceMappingURL pragmas is deprecated. Use //# instead
JavaScript error: https://mars.nasa.gov/assets/mb_manifest-a0ae601bc18c852649e350709ab440161da58529f782ae84172c21f8ea27b714.js, line 1: TypeError: this.setViewportHeightVariable is not a function
1582994202468	Marionette	INFO	Stopped listening on port 58566
1582994427666	mozrunner::runner	INFO	Running command: "/Applications/Firefox.app/Contents/MacOS/firefox-bin" "-marionette" "-foreground" "-no-remote" "-profile" "/var/folders/3t/gbmg82fd7kj2vg2kvptt96d00000gp/T/rust_mozprofileVoiP0F"
1582994428154	addons.webextension.doh-rollout@mozilla.org	WARN	Loading extension 'doh-rollout@mozilla.org': Reading manifest: Invalid extension permission: networkStatus
1582994428375	addons.webextension.screenshots@mozilla.org	WARN	Loading extension 'screenshots@mozilla.org': Reading manifest: Invalid extension permission: mozillaAddons
1582994428375	addons.webextension.screenshots@mozilla.org	WARN	Loading extension 'screenshots@mozilla.org': Reading manifest: Invalid extension permission: telemetry
1582994428375	addons.webextension.screenshots@mozilla.org	WARN	Loading extension 'screenshots@mozilla.org': Reading manifest: Invalid extension permission: resource://pdf.js/
1582994428375	addons.webextension.screenshots@mozilla.org	WARN	Loading extension 'screenshots@mozilla.org': Reading manifest: Invalid extension permission: about:reader*
1582994430506	Marionette	INFO	Listening on port 59644
1582994430547	Marionette	WARN	TLS certificate errors will be ignored for this session
JavaScript warning: https://mars.nasa.gov/assets/public_manifest-076cf7f80cccb4056eac0fffddf9360fd7fa7cc779f9b9a2f48d0b629ea11fd1.js, line 2: Using //@ to indicate sourceMappingURL pragmas is deprecated. Use //# instead
JavaScript error: https://mars.nasa.gov/assets/mb_manifest-a0ae601bc18c852649e350709ab440161da58529f782ae84172c21f8ea27b714.js, line 1: TypeError: this.setViewportHeightVariable is not a function
JavaScript warning: https://mars.nasa.gov/assets/public_manifest-076cf7f80cccb4056eac0fffddf9360fd7fa7cc779f9b9a2f48d0b629ea11fd1.js, line 2: Using //@ to indicate sourceMappingURL pragmas is deprecated. Use //# instead
JavaScript error: https://mars.nasa.gov/assets/mb_manifest-a0ae601bc18c852649e350709ab440161da58529f782ae84172c21f8ea27b714.js, line 1: TypeError: this.setViewportHeightVariable is not a function
1582994432830	Marionette	INFO	Stopped listening on port 59644
1582995957063	mozrunner::runner	INFO	Running command: "/Applications/Firefox.app/Contents/MacOS/firefox-bin" "-marionette" "-foreground" "-no-remote" "-profile" "/var/folders/3t/gbmg82fd7kj2vg2kvptt96d00000gp/T/rust_mozprofileC50t1W"
1582995957646	addons.webextension.doh-rollout@mozilla.org	WARN	Loading extension 'doh-rollout@mozilla.org': Reading manifest: Invalid extension permission: networkStatus
1582995957887	addons.webextension.screenshots@mozilla.org	WARN	Loading extension 'screenshots@mozilla.org': Reading manifest: Invalid extension permission: mozillaAddons
1582995957887	addons.webextension.screenshots@mozilla.org	WARN	Loading extension 'screenshots@mozilla.org': Reading manifest: Invalid extension permission: telemetry
1582995957887	addons.webextension.screenshots@mozilla.org	WARN	Loading extension 'screenshots@mozilla.org': Reading manifest: Invalid extension permission: resource://pdf.js/
1582995957887	addons.webextension.screenshots@mozilla.org	WARN	Loading extension 'screenshots@mozilla.org': Reading manifest: Invalid extension permission: about:reader*
1582995960006	Marionette	INFO	Listening on port 49907
1582995960047	Marionette	WARN	TLS certificate errors will be ignored for this session
JavaScript warning: https://mars.nasa.gov/assets/public_manifest-076cf7f80cccb4056eac0fffddf9360fd7fa7cc779f9b9a2f48d0b629ea11fd1.js, line 2: Using //@ to indicate sourceMappingURL pragmas is deprecated. Use //# instead
JavaScript error: https://mars.nasa.gov/assets/mb_manifest-a0ae601bc18c852649e350709ab440161da58529f782ae84172c21f8ea27b714.js, line 1: TypeError: this.setViewportHeightVariable is not a function
JavaScript warning: https://mars.nasa.gov/assets/public_manifest-076cf7f80cccb4056eac0fffddf9360fd7fa7cc779f9b9a2f48d0b629ea11fd1.js, line 2: Using //@ to indicate sourceMappingURL pragmas is deprecated. Use //# instead
JavaScript error: https://mars.nasa.gov/assets/mb_manifest-a0ae601bc18c852649e350709ab440161da58529f782ae84172c21f8ea27b714.js, line 1: TypeError: this.setViewportHeightVariable is not a function
1582995962499	Marionette	INFO	Stopped listening on port 49907
1582995999870	mozrunner::runner	INFO	Running command: "/Applications/Firefox.app/Contents/MacOS/firefox-bin" "-marionette" "-foreground" "-no-remote" "-profile" "/var/folders/3t/gbmg82fd7kj2vg2kvptt96d00000gp/T/rust_mozprofilegQXd1v"
1582996000304	addons.webextension.doh-rollout@mozilla.org	WARN	Loading extension 'doh-rollout@mozilla.org': Reading manifest: Invalid extension permission: networkStatus
1582996000565	addons.webextension.screenshots@mozilla.org	WARN	Loading extension 'screenshots@mozilla.org': Reading manifest: Invalid extension permission: mozillaAddons
1582996000565	addons.webextension.screenshots@mozilla.org	WARN	Loading extension 'screenshots@mozilla.org': Reading manifest: Invalid extension permission: telemetry
1582996000565	addons.webextension.screenshots@mozilla.org	WARN	Loading extension 'screenshots@mozilla.org': Reading manifest: Invalid extension permission: resource://pdf.js/
1582996000565	addons.webextension.screenshots@mozilla.org	WARN	Loading extension 'screenshots@mozilla.org': Reading manifest: Invalid extension permission: about:reader*
1582996002195	Marionette	INFO	Listening on port 50191
1582996002233	Marionette	WARN	TLS certificate errors will be ignored for this session
JavaScript warning: https://mars.nasa.gov/assets/public_manifest-076cf7f80cccb4056eac0fffddf9360fd7fa7cc779f9b9a2f48d0b629ea11fd1.js, line 2: Using //@ to indicate sourceMappingURL pragmas is deprecated. Use //# instead
JavaScript warning: https://mars.nasa.gov/assets/public_manifest-076cf7f80cccb4056eac0fffddf9360fd7fa7cc779f9b9a2f48d0b629ea11fd1.js, line 2: Using //@ to indicate sourceMappingURL pragmas is deprecated. Use //# instead
1582996004655	Marionette	INFO	Stopped listening on port 50191
1583003058747	mozrunner::runner	INFO	Running command: "/Applications/Firefox.app/Contents/MacOS/firefox-bin" "-marionette" "-foreground" "-no-remote" "-profile" "/var/folders/3t/gbmg82fd7kj2vg2kvptt96d00000gp/T/rust_mozprofileTLYOka"
1583003059474	addons.webextension.doh-rollout@mozilla.org	WARN	Loading extension 'doh-rollout@mozilla.org': Reading manifest: Invalid extension permission: networkStatus
1583003059701	addons.webextension.screenshots@mozilla.org	WARN	Loading extension 'screenshots@mozilla.org': Reading manifest: Invalid extension permission: mozillaAddons
1583003059701	addons.webextension.screenshots@mozilla.org	WARN	Loading extension 'screenshots@mozilla.org': Reading manifest: Invalid extension permission: telemetry
1583003059701	addons.webextension.screenshots@mozilla.org	WARN	Loading extension 'screenshots@mozilla.org': Reading manifest: Invalid extension permission: resource://pdf.js/
1583003059701	addons.webextension.screenshots@mozilla.org	WARN	Loading extension 'screenshots@mozilla.org': Reading manifest: Invalid extension permission: about:reader*
1583003061815	Marionette	INFO	Listening on port 57162
1583003061831	Marionette	WARN	TLS certificate errors will be ignored for this session
JavaScript warning: https://mars.nasa.gov/assets/public_manifest-076cf7f80cccb4056eac0fffddf9360fd7fa7cc779f9b9a2f48d0b629ea11fd1.js, line 2: Using //@ to indicate sourceMappingURL pragmas is deprecated. Use //# instead
JavaScript error: https://mars.nasa.gov/assets/mb_manifest-a0ae601bc18c852649e350709ab440161da58529f782ae84172c21f8ea27b714.js, line 1: TypeError: this.setViewportHeightVariable is not a function
JavaScript warning: https://mars.nasa.gov/assets/public_manifest-076cf7f80cccb4056eac0fffddf9360fd7fa7cc779f9b9a2f48d0b629ea11fd1.js, line 2: Using //@ to indicate sourceMappingURL pragmas is deprecated. Use //# instead
JavaScript error: https://mars.nasa.gov/assets/mb_manifest-a0ae601bc18c852649e350709ab440161da58529f782ae84172c21f8ea27b714.js, line 1: TypeError: this.setViewportHeightVariable is not a function
1583003063996	Marionette	INFO	Stopped listening on port 57162

###!!! [Parent][MessageChannel] Error: (msgtype=0x8000E,name=PBackgroundIDBDatabase::Msg_CloseAfterInvalidationComplete) Channel error: cannot send/recv


###!!! [Child][RunMessage] Error: Channel closing: too late to send/recv, messages will be lost


###!!! [Child][RunMessage] Error: Channel closing: too late to send/recv, messages will be lost


###!!! [Child][RunMessage] Error: Channel closing: too late to send/recv, messages will be lost


###!!! [Child][RunMessage] Error: Channel closing: too late to send/recv, messages will be lost


###!!! [Child][RunMessage] Error: Channel closing: too late to send/recv, messages will be lost


###!!! [Child][RunMessage] Error: Channel closing: too late to send/recv, messages will be lost

1583003089073	mozrunner::runner	INFO	Running command: "/Applications/Firefox.app/Contents/MacOS/firefox-bin" "-marionette" "-foreground" "-no-remote" "-profile" "/var/folders/3t/gbmg82fd7kj2vg2kvptt96d00000gp/T/rust_mozprofileYiI98x"
1583003089484	addons.webextension.doh-rollout@mozilla.org	WARN	Loading extension 'doh-rollout@mozilla.org': Reading manifest: Invalid extension permission: networkStatus
1583003095702	addons.webextension.screenshots@mozilla.org	WARN	Loading extension 'screenshots@mozilla.org': Reading manifest: Invalid extension permission: mozillaAddons
1583003095703	addons.webextension.screenshots@mozilla.org	WARN	Loading extension 'screenshots@mozilla.org': Reading manifest: Invalid extension permission: telemetry
1583003095703	addons.webextension.screenshots@mozilla.org	WARN	Loading extension 'screenshots@mozilla.org': Reading manifest: Invalid extension permission: resource://pdf.js/
1583003095703	addons.webextension.screenshots@mozilla.org	WARN	Loading extension 'screenshots@mozilla.org': Reading manifest: Invalid extension permission: about:reader*
1583003097883	Marionette	INFO	Listening on port 57383
1583003097938	Marionette	WARN	TLS certificate errors will be ignored for this session
JavaScript warning: https://mars.nasa.gov/assets/public_manifest-076cf7f80cccb4056eac0fffddf9360fd7fa7cc779f9b9a2f48d0b629ea11fd1.js, line 2: Using //@ to indicate sourceMappingURL pragmas is deprecated. Use //# instead
JavaScript error: https://mars.nasa.gov/assets/mb_manifest-a0ae601bc18c852649e350709ab440161da58529f782ae84172c21f8ea27b714.js, line 1: TypeError: this.setViewportHeightVariable is not a function
JavaScript warning: https://mars.nasa.gov/assets/public_manifest-076cf7f80cccb4056eac0fffddf9360fd7fa7cc779f9b9a2f48d0b629ea11fd1.js, line 2: Using //@ to indicate sourceMappingURL pragmas is deprecated. Use //# instead
JavaScript error: https://mars.nasa.gov/assets/mb_manifest-a0ae601bc18c852649e350709ab440161da58529f782ae84172c21f8ea27b714.js, line 1: TypeError: this.setViewportHeightVariable is not a function
1583003100123	Marionette	INFO	Stopped listening on port 57383
1583269796502	mozrunner::runner	INFO	Running command: "/Applications/Firefox.app/Contents/MacOS/firefox-bin" "-marionette" "-foreground" "-no-remote" "-profile" "/var/folders/3t/gbmg82fd7kj2vg2kvptt96d00000gp/T/rust_mozprofileQ7dxez"
1583269797327	addons.webextension.doh-rollout@mozilla.org	WARN	Loading extension 'doh-rollout@mozilla.org': Reading manifest: Invalid extension permission: networkStatus
1583269797735	addons.webextension.screenshots@mozilla.org	WARN	Loading extension 'screenshots@mozilla.org': Reading manifest: Invalid extension permission: mozillaAddons
1583269797735	addons.webextension.screenshots@mozilla.org	WARN	Loading extension 'screenshots@mozilla.org': Reading manifest: Invalid extension permission: telemetry
1583269797735	addons.webextension.screenshots@mozilla.org	WARN	Loading extension 'screenshots@mozilla.org': Reading manifest: Invalid extension permission: resource://pdf.js/
1583269797735	addons.webextension.screenshots@mozilla.org	WARN	Loading extension 'screenshots@mozilla.org': Reading manifest: Invalid extension permission: about:reader*
1583269800106	Marionette	INFO	Listening on port 51616
1583269800129	Marionette	WARN	TLS certificate errors will be ignored for this session
JavaScript warning: https://mars.nasa.gov/assets/public_manifest-076cf7f80cccb4056eac0fffddf9360fd7fa7cc779f9b9a2f48d0b629ea11fd1.js, line 2: Using //@ to indicate sourceMappingURL pragmas is deprecated. Use //# instead
JavaScript error: https://mars.nasa.gov/assets/mb_manifest-a0ae601bc18c852649e350709ab440161da58529f782ae84172c21f8ea27b714.js, line 1: TypeError: this.setViewportHeightVariable is not a function
1583269925428	mozrunner::runner	INFO	Running command: "/Applications/Firefox.app/Contents/MacOS/firefox-bin" "-marionette" "-foreground" "-no-remote" "-profile" "/var/folders/3t/gbmg82fd7kj2vg2kvptt96d00000gp/T/rust_mozprofileURcZJC"
1583269925869	addons.webextension.doh-rollout@mozilla.org	WARN	Loading extension 'doh-rollout@mozilla.org': Reading manifest: Invalid extension permission: networkStatus
1583269926092	addons.webextension.screenshots@mozilla.org	WARN	Loading extension 'screenshots@mozilla.org': Reading manifest: Invalid extension permission: mozillaAddons
1583269926093	addons.webextension.screenshots@mozilla.org	WARN	Loading extension 'screenshots@mozilla.org': Reading manifest: Invalid extension permission: telemetry
1583269926093	addons.webextension.screenshots@mozilla.org	WARN	Loading extension 'screenshots@mozilla.org': Reading manifest: Invalid extension permission: resource://pdf.js/
1583269926093	addons.webextension.screenshots@mozilla.org	WARN	Loading extension 'screenshots@mozilla.org': Reading manifest: Invalid extension permission: about:reader*
1583269927998	Marionette	INFO	Listening on port 52265
1583269928027	Marionette	WARN	TLS certificate errors will be ignored for this session
JavaScript warning: https://mars.nasa.gov/assets/public_manifest-076cf7f80cccb4056eac0fffddf9360fd7fa7cc779f9b9a2f48d0b629ea11fd1.js, line 2: Using //@ to indicate sourceMappingURL pragmas is deprecated. Use //# instead
JavaScript error: https://mars.nasa.gov/assets/mb_manifest-a0ae601bc18c852649e350709ab440161da58529f782ae84172c21f8ea27b714.js, line 1: TypeError: this.setViewportHeightVariable is not a function
1583273299091	mozrunner::runner	INFO	Running command: "/Applications/Firefox.app/Contents/MacOS/firefox-bin" "-marionette" "-foreground" "-no-remote" "-profile" "/var/folders/3t/gbmg82fd7kj2vg2kvptt96d00000gp/T/rust_mozprofileX3JbCC"
1583273299793	addons.webextension.doh-rollout@mozilla.org	WARN	Loading extension 'doh-rollout@mozilla.org': Reading manifest: Invalid extension permission: networkStatus
1583273300036	addons.webextension.screenshots@mozilla.org	WARN	Loading extension 'screenshots@mozilla.org': Reading manifest: Invalid extension permission: mozillaAddons
1583273300036	addons.webextension.screenshots@mozilla.org	WARN	Loading extension 'screenshots@mozilla.org': Reading manifest: Invalid extension permission: telemetry
1583273300036	addons.webextension.screenshots@mozilla.org	WARN	Loading extension 'screenshots@mozilla.org': Reading manifest: Invalid extension permission: resource://pdf.js/
1583273300036	addons.webextension.screenshots@mozilla.org	WARN	Loading extension 'screenshots@mozilla.org': Reading manifest: Invalid extension permission: about:reader*
1583273302161	Marionette	INFO	Listening on port 50638
1583273302188	Marionette	WARN	TLS certificate errors will be ignored for this session
JavaScript warning: https://mars.nasa.gov/assets/public_manifest-076cf7f80cccb4056eac0fffddf9360fd7fa7cc779f9b9a2f48d0b629ea11fd1.js, line 2: Using //@ to indicate sourceMappingURL pragmas is deprecated. Use //# instead
JavaScript error: https://mars.nasa.gov/assets/mb_manifest-a0ae601bc18c852649e350709ab440161da58529f782ae84172c21f8ea27b714.js, line 1: TypeError: this.setViewportHeightVariable is not a function
1583273304287	Marionette	INFO	Stopped listening on port 50638
1583273307015	mozrunner::runner	INFO	Running command: "/Applications/Firefox.app/Contents/MacOS/firefox-bin" "-marionette" "-foreground" "-no-remote" "-profile" "/var/folders/3t/gbmg82fd7kj2vg2kvptt96d00000gp/T/rust_mozprofile3JHwjw"
1583273307437	addons.webextension.doh-rollout@mozilla.org	WARN	Loading extension 'doh-rollout@mozilla.org': Reading manifest: Invalid extension permission: networkStatus
1583273307970	addons.webextension.screenshots@mozilla.org	WARN	Loading extension 'screenshots@mozilla.org': Reading manifest: Invalid extension permission: mozillaAddons
1583273307970	addons.webextension.screenshots@mozilla.org	WARN	Loading extension 'screenshots@mozilla.org': Reading manifest: Invalid extension permission: telemetry
1583273307970	addons.webextension.screenshots@mozilla.org	WARN	Loading extension 'screenshots@mozilla.org': Reading manifest: Invalid extension permission: resource://pdf.js/
1583273307970	addons.webextension.screenshots@mozilla.org	WARN	Loading extension 'screenshots@mozilla.org': Reading manifest: Invalid extension permission: about:reader*
1583273309895	Marionette	INFO	Listening on port 50770
1583273309914	Marionette	WARN	TLS certificate errors will be ignored for this session
1583273313125	Marionette	INFO	Stopped listening on port 50770
1583273316736	mozrunner::runner	INFO	Running command: "/Applications/Firefox.app/Contents/MacOS/firefox-bin" "-marionette" "-foreground" "-no-remote" "-profile" "/var/folders/3t/gbmg82fd7kj2vg2kvptt96d00000gp/T/rust_mozprofile2lPuNe"
1583273317129	addons.webextension.doh-rollout@mozilla.org	WARN	Loading extension 'doh-rollout@mozilla.org': Reading manifest: Invalid extension permission: networkStatus
1583273317358	addons.webextension.screenshots@mozilla.org	WARN	Loading extension 'screenshots@mozilla.org': Reading manifest: Invalid extension permission: mozillaAddons
1583273317358	addons.webextension.screenshots@mozilla.org	WARN	Loading extension 'screenshots@mozilla.org': Reading manifest: Invalid extension permission: telemetry
1583273317358	addons.webextension.screenshots@mozilla.org	WARN	Loading extension 'screenshots@mozilla.org': Reading manifest: Invalid extension permission: resource://pdf.js/
1583273317358	addons.webextension.screenshots@mozilla.org	WARN	Loading extension 'screenshots@mozilla.org': Reading manifest: Invalid extension permission: about:reader*
1583273319241	Marionette	INFO	Listening on port 50915
1583273319310	Marionette	WARN	TLS certificate errors will be ignored for this session
1583273325100	Marionette	INFO	Stopped listening on port 50915
1583285212259	Marionette	INFO	Stopped listening on port 52265
1583285215255	Marionette	INFO	Stopped listening on port 51616
1583341388262	mozrunner::runner	INFO	Running command: "/Applications/Firefox.app/Contents/MacOS/firefox-bin" "-marionette" "-foreground" "-no-remote" "-profile" "/var/folders/3t/gbmg82fd7kj2vg2kvptt96d00000gp/T/rust_mozprofilecHr345"
1583341389013	addons.webextension.doh-rollout@mozilla.org	WARN	Loading extension 'doh-rollout@mozilla.org': Reading manifest: Invalid extension permission: networkStatus
1583341389513	addons.webextension.screenshots@mozilla.org	WARN	Loading extension 'screenshots@mozilla.org': Reading manifest: Invalid extension permission: mozillaAddons
1583341389513	addons.webextension.screenshots@mozilla.org	WARN	Loading extension 'screenshots@mozilla.org': Reading manifest: Invalid extension permission: telemetry
1583341389513	addons.webextension.screenshots@mozilla.org	WARN	Loading extension 'screenshots@mozilla.org': Reading manifest: Invalid extension permission: resource://pdf.js/
1583341389513	addons.webextension.screenshots@mozilla.org	WARN	Loading extension 'screenshots@mozilla.org': Reading manifest: Invalid extension permission: about:reader*
1583341391840	Marionette	INFO	Listening on port 57973
1583341391878	Marionette	WARN	TLS certificate errors will be ignored for this session
1583341452818	mozrunner::runner	INFO	Running command: "/Applications/Firefox.app/Contents/MacOS/firefox-bin" "-marionette" "-foreground" "-no-remote" "-profile" "/var/folders/3t/gbmg82fd7kj2vg2kvptt96d00000gp/T/rust_mozprofiletSrApd"
1583341453318	addons.webextension.doh-rollout@mozilla.org	WARN	Loading extension 'doh-rollout@mozilla.org': Reading manifest: Invalid extension permission: networkStatus
1583341453531	addons.webextension.screenshots@mozilla.org	WARN	Loading extension 'screenshots@mozilla.org': Reading manifest: Invalid extension permission: mozillaAddons
1583341453531	addons.webextension.screenshots@mozilla.org	WARN	Loading extension 'screenshots@mozilla.org': Reading manifest: Invalid extension permission: telemetry
1583341453531	addons.webextension.screenshots@mozilla.org	WARN	Loading extension 'screenshots@mozilla.org': Reading manifest: Invalid extension permission: resource://pdf.js/
1583341453531	addons.webextension.screenshots@mozilla.org	WARN	Loading extension 'screenshots@mozilla.org': Reading manifest: Invalid extension permission: about:reader*
1583341455253	Marionette	INFO	Listening on port 58333
1583341455295	Marionette	WARN	TLS certificate errors will be ignored for this session
1583341460842	Marionette	INFO	Stopped listening on port 58333
1583341523441	mozrunner::runner	INFO	Running command: "/Applications/Firefox.app/Contents/MacOS/firefox-bin" "-marionette" "-foreground" "-no-remote" "-profile" "/var/folders/3t/gbmg82fd7kj2vg2kvptt96d00000gp/T/rust_mozprofileSLOKGD"
1583341523878	addons.webextension.doh-rollout@mozilla.org	WARN	Loading extension 'doh-rollout@mozilla.org': Reading manifest: Invalid extension permission: networkStatus
1583341524223	addons.webextension.screenshots@mozilla.org	WARN	Loading extension 'screenshots@mozilla.org': Reading manifest: Invalid extension permission: mozillaAddons
1583341524223	addons.webextension.screenshots@mozilla.org	WARN	Loading extension 'screenshots@mozilla.org': Reading manifest: Invalid extension permission: telemetry
1583341524224	addons.webextension.screenshots@mozilla.org	WARN	Loading extension 'screenshots@mozilla.org': Reading manifest: Invalid extension permission: resource://pdf.js/
1583341524224	addons.webextension.screenshots@mozilla.org	WARN	Loading extension 'screenshots@mozilla.org': Reading manifest: Invalid extension permission: about:reader*
1583341525927	Marionette	INFO	Listening on port 58703
1583341526015	Marionette	WARN	TLS certificate errors will be ignored for this session
1583341576199	mozrunner::runner	INFO	Running command: "/Applications/Firefox.app/Contents/MacOS/firefox-bin" "-marionette" "-foreground" "-no-remote" "-profile" "/var/folders/3t/gbmg82fd7kj2vg2kvptt96d00000gp/T/rust_mozprofile2aPSP7"
1583341576652	addons.webextension.doh-rollout@mozilla.org	WARN	Loading extension 'doh-rollout@mozilla.org': Reading manifest: Invalid extension permission: networkStatus
1583341576867	addons.webextension.screenshots@mozilla.org	WARN	Loading extension 'screenshots@mozilla.org': Reading manifest: Invalid extension permission: mozillaAddons
1583341576867	addons.webextension.screenshots@mozilla.org	WARN	Loading extension 'screenshots@mozilla.org': Reading manifest: Invalid extension permission: telemetry
1583341576867	addons.webextension.screenshots@mozilla.org	WARN	Loading extension 'screenshots@mozilla.org': Reading manifest: Invalid extension permission: resource://pdf.js/
1583341576867	addons.webextension.screenshots@mozilla.org	WARN	Loading extension 'screenshots@mozilla.org': Reading manifest: Invalid extension permission: about:reader*
1583341578635	Marionette	INFO	Listening on port 58988
1583341578665	Marionette	WARN	TLS certificate errors will be ignored for this session
JavaScript error: resource:///actors/ContentMetaChild.jsm, line 167: InvalidStateError: An attempt was made to use an object that is not, or is no longer, usable
JavaScript error: resource:///actors/ContentMetaChild.jsm, line 167: InvalidStateError: An attempt was made to use an object that is not, or is no longer, usable
1583341583840	Marionette	INFO	Stopped listening on port 58988
1583341684572	Marionette	INFO	Stopped listening on port 57973
